# JRE version: OpenJDK Runtime Environment (21.0.5) (build 21.0.5+-13047016-b750.29)
# Java VM: OpenJDK 64-Bit Server VM (21.0.5+-13047016-b750.29, mixed mode, tiered, compressed oops, compressed class ptrs, g1 gc, windows-amd64)
GC Precious Log:
 CardTable entry size: 512
 Card Set container configuration: InlinePtr #cards 5 size 8 Array Of Cards #cards 12 size 40 Howl #buckets 4 coarsen threshold 1843 Howl Bitmap #cards 512 size 80 coarsen threshold 460 Card regions per heap region 1 cards per card region 2048
 CPUs: 12 total, 12 available
 Memory: 6005M
 Large Page Support: Disabled
 NUMA Support: Disabled
 Compressed Oops: Enabled (32-bit)
 Heap Region Size: 1M
 Heap Min Capacity: 8M
 Heap Initial Capacity: 94M
 Heap Max Capacity: 2G
 Pre-touch: Disabled
 Parallel Workers: 10
 Concurrent Workers: 3
 Concurrent Refinement Workers: 10
 Periodic GC: Disabled
Heap:
 garbage-first heap   total 362496K, used 310905K [0x0000000080000000, 0x0000000100000000)
  region size 1024K, 109 young (111616K), 15 survivors (15360K)
 Metaspace       used 216820K, committed 219712K, reserved 1245184K
  class space    used 27090K, committed 28544K, reserved 1048576K
GC Heap History (20 events):
Event: 114.413 GC heap before
{Heap before GC invocations=55 (full 0):
 garbage-first heap   total 314368K, used 293586K [0x0000000080000000, 0x0000000100000000)
  region size 1024K, 89 young (91136K), 5 survivors (5120K)
 Metaspace       used 186173K, committed 188928K, reserved 1245184K
  class space    used 23605K, committed 24960K, reserved 1048576K
}
Event: 114.430 GC heap after
{Heap after GC invocations=56 (full 0):
 garbage-first heap   total 314368K, used 214444K [0x0000000080000000, 0x0000000100000000)
  region size 1024K, 12 young (12288K), 12 survivors (12288K)
 Metaspace       used 186173K, committed 188928K, reserved 1245184K
  class space    used 23605K, committed 24960K, reserved 1048576K
}
Event: 115.794 GC heap before
{Heap before GC invocations=56 (full 0):
 garbage-first heap   total 314368K, used 285100K [0x0000000080000000, 0x0000000100000000)
  region size 1024K, 81 young (82944K), 12 survivors (12288K)
 Metaspace       used 186174K, committed 188928K, reserved 1245184K
  class space    used 23606K, committed 24960K, reserved 1048576K
}
Event: 115.813 GC heap after
{Heap after GC invocations=57 (full 0):
 garbage-first heap   total 314368K, used 213534K [0x0000000080000000, 0x0000000100000000)
  region size 1024K, 6 young (6144K), 6 survivors (6144K)
 Metaspace       used 186174K, committed 188928K, reserved 1245184K
  class space    used 23606K, committed 24960K, reserved 1048576K
}
Event: 117.023 GC heap before
{Heap before GC invocations=57 (full 0):
 garbage-first heap   total 314368K, used 290334K [0x0000000080000000, 0x0000000100000000)
  region size 1024K, 81 young (82944K), 6 survivors (6144K)
 Metaspace       used 186176K, committed 188928K, reserved 1245184K
  class space    used 23606K, committed 24960K, reserved 1048576K
}
Event: 117.030 GC heap after
{Heap after GC invocations=58 (full 0):
 garbage-first heap   total 314368K, used 215974K [0x0000000080000000, 0x0000000100000000)
  region size 1024K, 9 young (9216K), 9 survivors (9216K)
 Metaspace       used 186176K, committed 188928K, reserved 1245184K
  class space    used 23606K, committed 24960K, reserved 1048576K
}
Event: 118.790 GC heap before
{Heap before GC invocations=59 (full 0):
 garbage-first heap   total 362496K, used 293798K [0x0000000080000000, 0x0000000100000000)
  region size 1024K, 76 young (77824K), 9 survivors (9216K)
 Metaspace       used 189241K, committed 192000K, reserved 1245184K
  class space    used 23878K, committed 25216K, reserved 1048576K
}
Event: 118.811 GC heap after
{Heap after GC invocations=60 (full 0):
 garbage-first heap   total 362496K, used 218814K [0x0000000080000000, 0x0000000100000000)
  region size 1024K, 6 young (6144K), 6 survivors (6144K)
 Metaspace       used 189241K, committed 192000K, reserved 1245184K
  class space    used 23878K, committed 25216K, reserved 1048576K
}
Event: 122.693 GC heap before
{Heap before GC invocations=60 (full 0):
 garbage-first heap   total 362496K, used 328382K [0x0000000080000000, 0x0000000100000000)
  region size 1024K, 113 young (115712K), 6 survivors (6144K)
 Metaspace       used 199973K, committed 202688K, reserved 1245184K
  class space    used 25405K, committed 26752K, reserved 1048576K
}
Event: 122.704 GC heap after
{Heap after GC invocations=61 (full 0):
 garbage-first heap   total 362496K, used 205639K [0x0000000080000000, 0x0000000100000000)
  region size 1024K, 9 young (9216K), 9 survivors (9216K)
 Metaspace       used 199973K, committed 202688K, reserved 1245184K
  class space    used 25405K, committed 26752K, reserved 1048576K
}
Event: 122.763 GC heap before
{Heap before GC invocations=61 (full 0):
 garbage-first heap   total 362496K, used 207687K [0x0000000080000000, 0x0000000100000000)
  region size 1024K, 12 young (12288K), 9 survivors (9216K)
 Metaspace       used 200110K, committed 202816K, reserved 1245184K
  class space    used 25420K, committed 26752K, reserved 1048576K
}
Event: 122.771 GC heap after
{Heap after GC invocations=62 (full 0):
 garbage-first heap   total 362496K, used 206038K [0x0000000080000000, 0x0000000100000000)
  region size 1024K, 9 young (9216K), 9 survivors (9216K)
 Metaspace       used 200110K, committed 202816K, reserved 1245184K
  class space    used 25420K, committed 26752K, reserved 1048576K
}
Event: 123.685 GC heap before
{Heap before GC invocations=63 (full 0):
 garbage-first heap   total 362496K, used 333014K [0x0000000080000000, 0x0000000100000000)
  region size 1024K, 131 young (134144K), 9 survivors (9216K)
 Metaspace       used 200515K, committed 203264K, reserved 1245184K
  class space    used 25445K, committed 26816K, reserved 1048576K
}
Event: 123.695 GC heap after
{Heap after GC invocations=64 (full 0):
 garbage-first heap   total 362496K, used 211966K [0x0000000080000000, 0x0000000100000000)
  region size 1024K, 13 young (13312K), 13 survivors (13312K)
 Metaspace       used 200515K, committed 203264K, reserved 1245184K
  class space    used 25445K, committed 26816K, reserved 1048576K
}
Event: 124.236 GC heap before
{Heap before GC invocations=64 (full 0):
 garbage-first heap   total 362496K, used 328702K [0x0000000080000000, 0x0000000100000000)
  region size 1024K, 127 young (130048K), 13 survivors (13312K)
 Metaspace       used 200519K, committed 203264K, reserved 1245184K
  class space    used 25445K, committed 26816K, reserved 1048576K
}
Event: 124.251 GC heap after
{Heap after GC invocations=65 (full 0):
 garbage-first heap   total 362496K, used 208311K [0x0000000080000000, 0x0000000100000000)
  region size 1024K, 9 young (9216K), 9 survivors (9216K)
 Metaspace       used 200519K, committed 203264K, reserved 1245184K
  class space    used 25445K, committed 26816K, reserved 1048576K
}
Event: 129.733 GC heap before
{Heap before GC invocations=65 (full 0):
 garbage-first heap   total 362496K, used 331191K [0x0000000080000000, 0x0000000100000000)
  region size 1024K, 130 young (133120K), 9 survivors (9216K)
 Metaspace       used 206424K, committed 209152K, reserved 1245184K
  class space    used 26049K, committed 27392K, reserved 1048576K
}
Event: 129.745 GC heap after
{Heap after GC invocations=66 (full 0):
 garbage-first heap   total 362496K, used 209737K [0x0000000080000000, 0x0000000100000000)
  region size 1024K, 12 young (12288K), 12 survivors (12288K)
 Metaspace       used 206424K, committed 209152K, reserved 1245184K
  class space    used 26049K, committed 27392K, reserved 1048576K
}
Event: 149.985 GC heap before
{Heap before GC invocations=67 (full 0):
 garbage-first heap   total 362496K, used 329545K [0x0000000080000000, 0x0000000100000000)
  region size 1024K, 129 young (132096K), 12 survivors (12288K)
 Metaspace       used 210396K, committed 213184K, reserved 1245184K
  class space    used 26476K, committed 27840K, reserved 1048576K
}
Event: 150.014 GC heap after
{Heap after GC invocations=68 (full 0):
 garbage-first heap   total 362496K, used 216697K [0x0000000080000000, 0x0000000100000000)
  region size 1024K, 15 young (15360K), 15 survivors (15360K)
 Metaspace       used 210396K, committed 213184K, reserved 1245184K
  class space    used 26476K, committed 27840K, reserved 1048576K
}

